00:31:15.229 [Thread-25] INFO  sys-user - [shutdownAsyncManager,31] - ====关闭后台任务任务线程池====
00:57:44.276 [Thread-32] INFO  sys-user - [shutdownAsyncManager,31] - ====关闭后台任务任务线程池====
00:58:02.252 [Thread-39] INFO  sys-user - [shutdownAsyncManager,31] - ====关闭后台任务任务线程池====
01:09:12.810 [SpringApplicationShutdownHook] INFO  sys-user - [shutdownAsyncManager,31] - ====关闭后台任务任务线程池====
01:10:54.626 [SpringApplicationShutdownHook] INFO  sys-user - [shutdownAsyncManager,31] - ====关闭后台任务任务线程池====
01:23:01.750 [SpringApplicationShutdownHook] INFO  sys-user - [shutdownAsyncManager,31] - ====关闭后台任务任务线程池====
01:26:32.639 [SpringApplicationShutdownHook] INFO  sys-user - [shutdownAsyncManager,31] - ====关闭后台任务任务线程池====
01:29:23.612 [SpringApplicationShutdownHook] INFO  sys-user - [shutdownAsyncManager,31] - ====关闭后台任务任务线程池====
01:31:02.381 [SpringApplicationShutdownHook] INFO  sys-user - [shutdownAsyncManager,31] - ====关闭后台任务任务线程池====
01:31:23.198 [schedule-pool-1] INFO  sys-user - [run,55] - [127.0.0.1]内网IP[visitor][Logout][退出成功]
01:31:52.036 [schedule-pool-1] INFO  sys-user - [run,55] - [127.0.0.1]内网IP[visitor][Success][登录成功]
01:44:53.328 [SpringApplicationShutdownHook] INFO  sys-user - [shutdownAsyncManager,31] - ====关闭后台任务任务线程池====
01:48:30.828 [SpringApplicationShutdownHook] INFO  sys-user - [shutdownAsyncManager,31] - ====关闭后台任务任务线程池====
01:50:17.782 [SpringApplicationShutdownHook] INFO  sys-user - [shutdownAsyncManager,31] - ====关闭后台任务任务线程池====
02:09:45.158 [SpringApplicationShutdownHook] INFO  sys-user - [shutdownAsyncManager,31] - ====关闭后台任务任务线程池====
02:21:25.476 [SpringApplicationShutdownHook] INFO  sys-user - [shutdownAsyncManager,31] - ====关闭后台任务任务线程池====
02:23:51.584 [SpringApplicationShutdownHook] INFO  sys-user - [shutdownAsyncManager,31] - ====关闭后台任务任务线程池====
02:26:51.093 [SpringApplicationShutdownHook] INFO  sys-user - [shutdownAsyncManager,31] - ====关闭后台任务任务线程池====
02:28:28.137 [Thread-4] INFO  sys-user - [shutdownAsyncManager,31] - ====关闭后台任务任务线程池====
02:47:10.775 [schedule-pool-1] INFO  sys-user - [run,55] - [127.0.0.1]内网IP[visitor][Logout][退出成功]
02:47:41.070 [schedule-pool-1] INFO  sys-user - [run,55] - [127.0.0.1]内网IP[testd][Success][登录成功]
02:53:05.364 [Thread-7] INFO  sys-user - [shutdownAsyncManager,31] - ====关闭后台任务任务线程池====
02:54:05.838 [Thread-14] INFO  sys-user - [shutdownAsyncManager,31] - ====关闭后台任务任务线程池====
02:58:15.379 [Thread-27] INFO  sys-user - [shutdownAsyncManager,31] - ====关闭后台任务任务线程池====
03:11:23.123 [SpringApplicationShutdownHook] INFO  sys-user - [shutdownAsyncManager,31] - ====关闭后台任务任务线程池====
03:19:21.839 [SpringApplicationShutdownHook] INFO  sys-user - [shutdownAsyncManager,31] - ====关闭后台任务任务线程池====
03:23:32.108 [schedule-pool-1] INFO  sys-user - [run,55] - [127.0.0.1]内网IP[testd][Logout][退出成功]
03:23:56.308 [schedule-pool-1] INFO  sys-user - [run,55] - [127.0.0.1]内网IP[visitor][Success][登录成功]
03:27:17.531 [SpringApplicationShutdownHook] INFO  sys-user - [shutdownAsyncManager,31] - ====关闭后台任务任务线程池====
03:29:39.711 [SpringApplicationShutdownHook] INFO  sys-user - [shutdownAsyncManager,31] - ====关闭后台任务任务线程池====
03:34:59.180 [SpringApplicationShutdownHook] INFO  sys-user - [shutdownAsyncManager,31] - ====关闭后台任务任务线程池====
03:36:11.129 [SpringApplicationShutdownHook] INFO  sys-user - [shutdownAsyncManager,31] - ====关闭后台任务任务线程池====
03:39:27.666 [Thread-4] INFO  sys-user - [shutdownAsyncManager,31] - ====关闭后台任务任务线程池====
07:00:40.824 [schedule-pool-1] INFO  sys-user - [run,55] - [127.0.0.1]内网IP[visitor][Success][登录成功]
07:01:44.351 [SpringApplicationShutdownHook] INFO  sys-user - [shutdownAsyncManager,31] - ====关闭后台任务任务线程池====
07:04:44.134 [SpringApplicationShutdownHook] INFO  sys-user - [shutdownAsyncManager,31] - ====关闭后台任务任务线程池====
07:06:42.031 [schedule-pool-1] INFO  sys-user - [run,55] - [127.0.0.1]内网IP[visitor][Logout][退出成功]
07:12:08.170 [SpringApplicationShutdownHook] INFO  sys-user - [shutdownAsyncManager,31] - ====关闭后台任务任务线程池====
07:13:44.344 [SpringApplicationShutdownHook] INFO  sys-user - [shutdownAsyncManager,31] - ====关闭后台任务任务线程池====
07:14:21.813 [SpringApplicationShutdownHook] INFO  sys-user - [shutdownAsyncManager,31] - ====关闭后台任务任务线程池====
07:37:35.874 [SpringApplicationShutdownHook] INFO  sys-user - [shutdownAsyncManager,31] - ====关闭后台任务任务线程池====
07:41:37.966 [schedule-pool-1] INFO  sys-user - [run,55] - [127.0.0.1]内网IP[visitor][Logout][退出成功]
07:41:49.557 [schedule-pool-1] INFO  sys-user - [run,55] - [127.0.0.1]内网IP[test][Success][登录成功]
07:43:34.196 [SpringApplicationShutdownHook] INFO  sys-user - [shutdownAsyncManager,31] - ====关闭后台任务任务线程池====
07:45:24.213 [SpringApplicationShutdownHook] INFO  sys-user - [shutdownAsyncManager,31] - ====关闭后台任务任务线程池====
07:48:33.233 [SpringApplicationShutdownHook] INFO  sys-user - [shutdownAsyncManager,31] - ====关闭后台任务任务线程池====
07:50:01.381 [SpringApplicationShutdownHook] INFO  sys-user - [shutdownAsyncManager,31] - ====关闭后台任务任务线程池====
07:50:48.131 [SpringApplicationShutdownHook] INFO  sys-user - [shutdownAsyncManager,31] - ====关闭后台任务任务线程池====
08:01:24.959 [SpringApplicationShutdownHook] INFO  sys-user - [shutdownAsyncManager,31] - ====关闭后台任务任务线程池====
08:01:59.065 [Thread-4] INFO  sys-user - [shutdownAsyncManager,31] - ====关闭后台任务任务线程池====
08:14:13.709 [Thread-7] INFO  sys-user - [shutdownAsyncManager,31] - ====关闭后台任务任务线程池====
